<?xml version="1.0" encoding="UTF-8"?>
<testng-results skipped="0" failed="0" total="2" passed="2">
  <reporter-output>
  </reporter-output>
  <suite name="example suite 1" duration-ms="3190" started-at="2017-03-04T18:42:22Z" finished-at="2017-03-04T18:42:25Z">
    <groups>
    </groups>
    <test name="Regression suite 1" duration-ms="3190" started-at="2017-03-04T18:42:22Z" finished-at="2017-03-04T18:42:25Z">
      <class name="com.lakshmi.dev.framework.SimpleTestClass">
        <test-method status="PASS" signature="launchApplication()[pri:0, instance:com.lakshmi.dev.framework.SimpleTestClass@79b4d0f]" name="launchApplication" is-config="true" duration-ms="8" started-at="2017-03-05T00:12:22Z" finished-at="2017-03-05T00:12:22Z">
          <reporter-output>
          </reporter-output>
        </test-method> <!-- launchApplication -->
        <test-method status="PASS" signature="loginPage()[pri:0, instance:com.lakshmi.dev.framework.SimpleTestClass@79b4d0f]" name="loginPage" is-config="true" duration-ms="0" started-at="2017-03-05T00:12:22Z" finished-at="2017-03-05T00:12:22Z">
          <reporter-output>
          </reporter-output>
        </test-method> <!-- loginPage -->
        <test-method status="PASS" signature="testMethod()[pri:0, instance:com.lakshmi.dev.framework.SimpleTestClass@79b4d0f]" name="testMethod" duration-ms="3168" started-at="2017-03-05T00:12:22Z" finished-at="2017-03-05T00:12:25Z">
          <reporter-output>
          </reporter-output>
        </test-method> <!-- testMethod -->
        <test-method status="PASS" signature="logoutApplication()[pri:0, instance:com.lakshmi.dev.framework.SimpleTestClass@79b4d0f]" name="logoutApplication" is-config="true" duration-ms="0" started-at="2017-03-05T00:12:25Z" finished-at="2017-03-05T00:12:25Z">
          <reporter-output>
          </reporter-output>
        </test-method> <!-- logoutApplication -->
        <test-method status="PASS" signature="loginPage()[pri:0, instance:com.lakshmi.dev.framework.SimpleTestClass@79b4d0f]" name="loginPage" is-config="true" duration-ms="0" started-at="2017-03-05T00:12:25Z" finished-at="2017-03-05T00:12:25Z">
          <reporter-output>
          </reporter-output>
        </test-method> <!-- loginPage -->
        <test-method status="PASS" signature="testMethod2()[pri:0, instance:com.lakshmi.dev.framework.SimpleTestClass@79b4d0f]" name="testMethod2" duration-ms="0" started-at="2017-03-05T00:12:25Z" finished-at="2017-03-05T00:12:25Z">
          <reporter-output>
          </reporter-output>
        </test-method> <!-- testMethod2 -->
        <test-method status="PASS" signature="exitBrowser()[pri:0, instance:com.lakshmi.dev.framework.SimpleTestClass@79b4d0f]" name="exitBrowser" is-config="true" duration-ms="0" started-at="2017-03-05T00:12:25Z" finished-at="2017-03-05T00:12:25Z">
          <reporter-output>
          </reporter-output>
        </test-method> <!-- exitBrowser -->
        <test-method status="PASS" signature="logoutApplication()[pri:0, instance:com.lakshmi.dev.framework.SimpleTestClass@79b4d0f]" name="logoutApplication" is-config="true" duration-ms="0" started-at="2017-03-05T00:12:25Z" finished-at="2017-03-05T00:12:25Z">
          <reporter-output>
          </reporter-output>
        </test-method> <!-- logoutApplication -->
      </class> <!-- com.lakshmi.dev.framework.SimpleTestClass -->
    </test> <!-- Regression suite 1 -->
  </suite> <!-- example suite 1 -->
</testng-results>
