<?xml version="1.0" encoding="UTF-8"?>
<testng-results skipped="0" failed="0" total="2" passed="2">
  <reporter-output>
  </reporter-output>
  <suite name="example suite 1" duration-ms="3176" started-at="2017-03-04T18:16:55Z" finished-at="2017-03-04T18:16:58Z">
    <groups>
    </groups>
    <test name="Regression suite 1" duration-ms="3176" started-at="2017-03-04T18:16:55Z" finished-at="2017-03-04T18:16:58Z">
      <class name="com.lakshmi.dev.framework.SimpleTestClass">
        <test-method status="PASS" signature="launchApplication()[pri:0, instance:com.lakshmi.dev.framework.SimpleTestClass@6f7fd0e6]" name="launchApplication" is-config="true" duration-ms="9" started-at="2017-03-04T23:46:55Z" finished-at="2017-03-04T23:46:55Z">
          <reporter-output>
          </reporter-output>
        </test-method> <!-- launchApplication -->
        <test-method status="PASS" signature="loginPage()[pri:0, instance:com.lakshmi.dev.framework.SimpleTestClass@6f7fd0e6]" name="loginPage" is-config="true" duration-ms="1" started-at="2017-03-04T23:46:55Z" finished-at="2017-03-04T23:46:55Z">
          <reporter-output>
          </reporter-output>
        </test-method> <!-- loginPage -->
        <test-method status="PASS" signature="testMethod()[pri:0, instance:com.lakshmi.dev.framework.SimpleTestClass@6f7fd0e6]" name="testMethod" duration-ms="3138" started-at="2017-03-04T23:46:55Z" finished-at="2017-03-04T23:46:58Z">
          <reporter-output>
          </reporter-output>
        </test-method> <!-- testMethod -->
        <test-method status="PASS" signature="logoutApplication()[pri:0, instance:com.lakshmi.dev.framework.SimpleTestClass@6f7fd0e6]" name="logoutApplication" is-config="true" duration-ms="0" started-at="2017-03-04T23:46:58Z" finished-at="2017-03-04T23:46:58Z">
          <reporter-output>
          </reporter-output>
        </test-method> <!-- logoutApplication -->
        <test-method status="PASS" signature="loginPage()[pri:0, instance:com.lakshmi.dev.framework.SimpleTestClass@6f7fd0e6]" name="loginPage" is-config="true" duration-ms="2" started-at="2017-03-04T23:46:58Z" finished-at="2017-03-04T23:46:58Z">
          <reporter-output>
          </reporter-output>
        </test-method> <!-- loginPage -->
        <test-method status="PASS" signature="testMethod2()[pri:0, instance:com.lakshmi.dev.framework.SimpleTestClass@6f7fd0e6]" name="testMethod2" duration-ms="2" started-at="2017-03-04T23:46:58Z" finished-at="2017-03-04T23:46:58Z">
          <reporter-output>
          </reporter-output>
        </test-method> <!-- testMethod2 -->
        <test-method status="PASS" signature="logoutApplication()[pri:0, instance:com.lakshmi.dev.framework.SimpleTestClass@6f7fd0e6]" name="logoutApplication" is-config="true" duration-ms="1" started-at="2017-03-04T23:46:58Z" finished-at="2017-03-04T23:46:58Z">
          <reporter-output>
          </reporter-output>
        </test-method> <!-- logoutApplication -->
        <test-method status="PASS" signature="exitBrowser()[pri:0, instance:com.lakshmi.dev.framework.SimpleTestClass@6f7fd0e6]" name="exitBrowser" is-config="true" duration-ms="0" started-at="2017-03-04T23:46:58Z" finished-at="2017-03-04T23:46:58Z">
          <reporter-output>
          </reporter-output>
        </test-method> <!-- exitBrowser -->
      </class> <!-- com.lakshmi.dev.framework.SimpleTestClass -->
    </test> <!-- Regression suite 1 -->
  </suite> <!-- example suite 1 -->
</testng-results>
