<?xml version="1.0" encoding="UTF-8"?>
<testng-results skipped="0" failed="0" total="1" passed="1">
  <reporter-output>
  </reporter-output>
  <suite name="Default suite" duration-ms="5221" started-at="2017-03-09T19:11:10Z" finished-at="2017-03-09T19:11:15Z">
    <groups>
    </groups>
    <test name="Default test" duration-ms="5221" started-at="2017-03-09T19:11:10Z" finished-at="2017-03-09T19:11:15Z">
      <class name="Testscripts.testCase3">
        <test-method status="PASS" signature="launchApplication()[pri:0, instance:Testscripts.testCase3@3e6fa38a]" name="launchApplication" is-config="true" duration-ms="12" started-at="2017-03-10T00:41:10Z" finished-at="2017-03-10T00:41:10Z">
          <reporter-output>
          </reporter-output>
        </test-method> <!-- launchApplication -->
        <test-method status="PASS" signature="loginPage()[pri:0, instance:Testscripts.testCase3@3e6fa38a]" name="loginPage" is-config="true" duration-ms="0" started-at="2017-03-10T00:41:10Z" finished-at="2017-03-10T00:41:10Z">
          <reporter-output>
          </reporter-output>
        </test-method> <!-- loginPage -->
        <test-method status="PASS" signature="testMethod()[pri:0, instance:Testscripts.testCase3@3e6fa38a]" name="testMethod" duration-ms="3198" started-at="2017-03-10T00:41:10Z" finished-at="2017-03-10T00:41:13Z">
          <reporter-output>
          </reporter-output>
        </test-method> <!-- testMethod -->
        <test-method status="PASS" signature="logoutApplication()[pri:0, instance:Testscripts.testCase3@3e6fa38a]" name="logoutApplication" is-config="true" duration-ms="1" started-at="2017-03-10T00:41:13Z" finished-at="2017-03-10T00:41:13Z">
          <reporter-output>
          </reporter-output>
        </test-method> <!-- logoutApplication -->
        <test-method status="PASS" signature="exitBrowser()[pri:0, instance:Testscripts.testCase3@3e6fa38a]" name="exitBrowser" is-config="true" duration-ms="1979" started-at="2017-03-10T00:41:13Z" finished-at="2017-03-10T00:41:15Z">
          <reporter-output>
          </reporter-output>
        </test-method> <!-- exitBrowser -->
      </class> <!-- Testscripts.testCase3 -->
    </test> <!-- Default test -->
  </suite> <!-- Default suite -->
</testng-results>
