<?xml version="1.0" encoding="UTF-8"?>
<!-- Generated by org.testng.reporters.JUnitXMLReporter -->
<testsuite hostname="LakshmiP-L460" name="Firstpackage" tests="4" failures="0" timestamp="20 Jan 2017 06:43:32 GMT" time="0.034" errors="0">
  <testcase name="f" time="0.012" classname="Krishnaquestions.fourthtestcase"/>
  <testcase name="f" time="0.002" classname="Krishnaquestions.Secondtestngtestcase"/>
  <testcase name="f" time="0.001" classname="Javaprogms.NewTest"/>
  <testcase name="f" time="0.001" classname="Javaprogms.Secondtestcase"/>
</testsuite> <!-- Firstpackage -->
